<?xml version="1.0" encoding="UTF-8"?>
<!-- Generated by org.testng.reporters.JUnitReportReporter -->
<testsuite skipped="0" hostname="DESKTOP-4LJEO71" name="com.nopcommerce.testCases.SearchCustomerByEmail_004" tests="3" failures="0" timestamp="2020-11-14T16:03:07 PST" time="50.851" errors="0">
  <testcase name="searchCustomerByEmailTest" time="17.692" classname="com.nopcommerce.testCases.SearchCustomerByEmail_004"/>
  <system-out/>
  <testcase name="searchCustomerByEmailTest" time="17.072" classname="com.nopcommerce.testCases.SearchCustomerByEmail_004"/>
  <system-out/>
  <testcase name="searchCustomerByEmailTest" time="16.087" classname="com.nopcommerce.testCases.SearchCustomerByEmail_004"/>
  <system-out/>
</testsuite> <!-- com.nopcommerce.testCases.SearchCustomerByEmail_004 -->
