<?xml version="1.0" encoding="UTF-8"?>
<!-- Generated by org.testng.reporters.JUnitReportReporter -->
<testsuite skipped="0" hostname="DESKTOP-E4SG70C" name="com.nopcommerce.testCases.ImportExcelFile_009" tests="1" failures="0" timestamp="24 Apr 2020 05:56:52 GMT" time="32.168" errors="0">
  <testcase name="importExcelFile" time="32.168" classname="com.nopcommerce.testCases.ImportExcelFile_009"/>
</testsuite> <!-- com.nopcommerce.testCases.ImportExcelFile_009 -->
