<?xml version="1.0" encoding="UTF-8"?>
<!-- Generated by org.testng.reporters.JUnitReportReporter -->
<testsuite hostname="DESKTOP-4LJEO71" failures="0" tests="1" name="com.nopcommerce.testCases.AddCustomerTest_003" time="89.082" errors="0" timestamp="2020-11-11T14:16:35 PST" skipped="0">
  <testcase classname="com.nopcommerce.testCases.AddCustomerTest_003" name="addNewCustomer" time="89.082"/>
  <system-out/>
</testsuite> <!-- com.nopcommerce.testCases.AddCustomerTest_003 -->
