<?xml version="1.0" encoding="UTF-8"?>
<!-- Generated by org.testng.reporters.JUnitReportReporter -->
<testsuite skipped="0" hostname="DESKTOP-E4SG70C" name="com.nopcommerce.testCases.ImportStatesCSVFile_010" tests="1" failures="0" timestamp="24 Apr 2020 20:38:08 GMT" time="27.552" errors="0">
  <testcase name="verifyingImportCSVFile" time="27.552" classname="com.nopcommerce.testCases.ImportStatesCSVFile_010"/>
</testsuite> <!-- com.nopcommerce.testCases.ImportStatesCSVFile_010 -->
