<?xml version="1.0" encoding="UTF-8"?>
<!-- Generated by org.testng.reporters.JUnitReportReporter -->
<testsuite skipped="0" hostname="DESKTOP-E4SG70C" name="com.nopcommerce.testCases.TC_LoginTest_001" tests="1" failures="0" timestamp="20 Apr 2020 16:21:29 GMT" time="5.710" errors="0">
  <testcase name="loginTest" time="5.710" classname="com.nopcommerce.testCases.TC_LoginTest_001"/>
</testsuite> <!-- com.nopcommerce.testCases.TC_LoginTest_001 -->
