<?xml version="1.0" encoding="UTF-8"?>
<!-- Generated by org.testng.reporters.JUnitReportReporter -->
<testsuite skipped="0" hostname="DESKTOP-E4SG70C" name="com.nopcommerce.testCases.ExportExcelFileOfNewCustomer_007" tests="2" failures="0" timestamp="20 Apr 2020 17:37:20 GMT" time="17.116" errors="0">
  <testcase name="ExportExcelFile" time="17.113" classname="com.nopcommerce.testCases.ExportExcelFileOfNewCustomer_007"/>
  <testcase name="verifyingExistingFile" time="0.003" classname="com.nopcommerce.testCases.ExportExcelFileOfNewCustomer_007"/>
</testsuite> <!-- com.nopcommerce.testCases.ExportExcelFileOfNewCustomer_007 -->
