<?xml version="1.0" encoding="UTF-8"?>
<!-- Generated by org.testng.reporters.JUnitReportReporter -->
<testsuite hostname="DESKTOP-4LJEO71" failures="0" tests="1" name="com.nopcommerce.testCases.TC_LoginTest_001" time="4.881" errors="0" timestamp="2020-11-11T14:03:40 PST" skipped="0">
  <testcase classname="com.nopcommerce.testCases.TC_LoginTest_001" name="loginTest" time="4.881"/>
  <system-out/>
</testsuite> <!-- com.nopcommerce.testCases.TC_LoginTest_001 -->
