<?xml version="1.0" encoding="UTF-8"?>
<!-- Generated by org.testng.reporters.JUnitReportReporter -->
<testsuite skipped="0" hostname="DESKTOP-E4SG70C" name="com.nopcommerce.testCases.ExportExcelFileOfClickedCustomer_007" tests="2" failures="0" timestamp="20 Apr 2020 04:32:47 GMT" time="16.108" errors="0">
  <testcase name="ExportExcelFile" time="16.108" classname="com.nopcommerce.testCases.ExportExcelFileOfClickedCustomer_007"/>
  <testcase name="verifyingExistingFile" time="0.000" classname="com.nopcommerce.testCases.ExportExcelFileOfClickedCustomer_007"/>
</testsuite> <!-- com.nopcommerce.testCases.ExportExcelFileOfClickedCustomer_007 -->
