<?xml version="1.0" encoding="UTF-8"?>
<!-- Generated by org.testng.reporters.JUnitReportReporter -->
<testsuite skipped="0" hostname="DESKTOP-4LJEO71" name="com.nopcommerce.testCases.SearchCustomerByName_005" tests="3" failures="0" timestamp="2020-11-14T16:03:07 PST" time="45.482" errors="0">
  <testcase name="searchCustomerByName" time="15.133" classname="com.nopcommerce.testCases.SearchCustomerByName_005"/>
  <system-out/>
  <testcase name="searchCustomerByName" time="14.304" classname="com.nopcommerce.testCases.SearchCustomerByName_005"/>
  <system-out/>
  <testcase name="searchCustomerByName" time="16.045" classname="com.nopcommerce.testCases.SearchCustomerByName_005"/>
  <system-out/>
</testsuite> <!-- com.nopcommerce.testCases.SearchCustomerByName_005 -->
