<?xml version="1.0" encoding="UTF-8"?>
<!-- Generated by org.testng.reporters.JUnitReportReporter -->
<testsuite skipped="0" hostname="DESKTOP-E4SG70C" name="com.nopcommerce.testCases.TC_LoginTest_001" tests="1" failures="0" timestamp="24 Apr 2020 05:56:52 GMT" time="6.619" errors="0">
  <testcase name="loginTest" time="6.619" classname="com.nopcommerce.testCases.TC_LoginTest_001"/>
</testsuite> <!-- com.nopcommerce.testCases.TC_LoginTest_001 -->
