<?xml version="1.0" encoding="UTF-8"?>
<!-- Generated by org.testng.reporters.JUnitReportReporter -->
<testsuite skipped="0" hostname="DESKTOP-E4SG70C" name="com.nopcommerce.testCases.SearchCustomerByEmail_004" tests="1" failures="0" timestamp="20 Apr 2020 16:21:29 GMT" time="15.302" errors="0">
  <testcase name="searchCustomerByEmailTest" time="15.302" classname="com.nopcommerce.testCases.SearchCustomerByEmail_004"/>
</testsuite> <!-- com.nopcommerce.testCases.SearchCustomerByEmail_004 -->
