<?xml version="1.0" encoding="UTF-8"?>
<!-- Generated by org.testng.reporters.JUnitReportReporter -->
<testsuite skipped="0" hostname="DESKTOP-E4SG70C" name="com.nopcommerce.testCases.ExportExcelFileOfNewCustomer_007" tests="3" failures="0" timestamp="24 Apr 2020 05:56:52 GMT" time="30.696" errors="0">
  <testcase name="ExportExcelFile" time="18.784" classname="com.nopcommerce.testCases.ExportExcelFileOfNewCustomer_007"/>
  <testcase name="verifyingExistingEmail" time="4.907" classname="com.nopcommerce.testCases.ExportExcelFileOfNewCustomer_007"/>
  <testcase name="verifyingExistingFile" time="7.005" classname="com.nopcommerce.testCases.ExportExcelFileOfNewCustomer_007"/>
</testsuite> <!-- com.nopcommerce.testCases.ExportExcelFileOfNewCustomer_007 -->
