<?xml version="1.0" encoding="UTF-8"?>
<!-- Generated by org.testng.reporters.JUnitReportReporter -->
<testsuite hostname="DESKTOP-4LJEO71" failures="0" tests="1" name="com.nopcommerce.testCases.SearchCustomerByEmail_004" time="10.506" errors="0" timestamp="2020-11-11T13:46:54 PST" skipped="0">
  <testcase classname="com.nopcommerce.testCases.SearchCustomerByEmail_004" name="searchCustomerByEmailTest" time="10.506"/>
  <system-out/>
</testsuite> <!-- com.nopcommerce.testCases.SearchCustomerByEmail_004 -->
