<?xml version="1.0" encoding="UTF-8"?>
<!-- Generated by org.testng.reporters.JUnitReportReporter -->
<testsuite skipped="0" hostname="DESKTOP-E4SG70C" name="com.nopcommerce.testCases.DeleteNewAddedCustomer_006" tests="1" failures="0" timestamp="24 Apr 2020 06:14:54 GMT" time="23.060" errors="0">
  <testcase name="deleteNewCustomer" time="23.060" classname="com.nopcommerce.testCases.DeleteNewAddedCustomer_006"/>
</testsuite> <!-- com.nopcommerce.testCases.DeleteNewAddedCustomer_006 -->
