<?xml version="1.0" encoding="UTF-8"?>
<!-- Generated by org.testng.reporters.JUnitReportReporter -->
<testsuite skipped="0" hostname="DESKTOP-E4SG70C" name="com.nopcommerce.testCases.AddCustomerTest_003" tests="1" failures="0" timestamp="22 Apr 2020 04:16:36 GMT" time="77.553" errors="0">
  <testcase name="addNewCustomer" time="77.553" classname="com.nopcommerce.testCases.AddCustomerTest_003"/>
</testsuite> <!-- com.nopcommerce.testCases.AddCustomerTest_003 -->
