<?xml version="1.0" encoding="UTF-8"?>
<!-- Generated by org.testng.reporters.JUnitReportReporter -->
<testsuite skipped="0" hostname="DESKTOP-E4SG70C" name="com.nopcommerce.testCases.SearchCustomerByName_005" tests="1" failures="0" timestamp="24 Apr 2020 06:14:54 GMT" time="13.998" errors="0">
  <testcase name="searchCustomerByName" time="13.998" classname="com.nopcommerce.testCases.SearchCustomerByName_005"/>
</testsuite> <!-- com.nopcommerce.testCases.SearchCustomerByName_005 -->
