<?xml version="1.0" encoding="UTF-8"?>
<!-- Generated by org.testng.reporters.JUnitReportReporter -->
<testsuite skipped="0" hostname="DESKTOP-E4SG70C" name="com.nopcommerce.testCases.AddCustomerTest_003" tests="1" failures="0" timestamp="21 Apr 2020 21:22:48 GMT" time="79.327" errors="0">
  <testcase name="addNewCustomer" time="79.327" classname="com.nopcommerce.testCases.AddCustomerTest_003"/>
</testsuite> <!-- com.nopcommerce.testCases.AddCustomerTest_003 -->
